{"/Users/niawjunior/Desktop/me-project/todo-tdd/controllers/todo.controller.js": {"path":"/Users/niawjunior/Desktop/me-project/todo-tdd/controllers/todo.controller.js","statementMap":{"0":{"start":{"line":1,"column":18},"end":{"line":1,"column":48}},"1":{"start":{"line":3,"column":0},"end":{"line":5,"column":1}},"2":{"start":{"line":4,"column":2},"end":{"line":4,"column":28}}},"fnMap":{"0":{"name":"(anonymous_0)","decl":{"start":{"line":3,"column":21},"end":{"line":3,"column":22}},"loc":{"start":{"line":3,"column":41},"end":{"line":5,"column":1}},"line":3}},"branchMap":{},"s":{"0":1,"1":1,"2":1},"f":{"0":1},"b":{},"_coverageSchema":"43e27e138ebf9cfc5966b082cf9a028302ed4184","hash":"da7b27d4d0fecf2268fa9d900f9bf0022ac20b9a"}
,"/Users/niawjunior/Desktop/me-project/todo-tdd/model/todo.model.js": {"path":"/Users/niawjunior/Desktop/me-project/todo-tdd/model/todo.model.js","statementMap":{"0":{"start":{"line":1,"column":17},"end":{"line":1,"column":36}},"1":{"start":{"line":2,"column":19},"end":{"line":11,"column":2}},"2":{"start":{"line":13,"column":18},"end":{"line":13,"column":52}},"3":{"start":{"line":14,"column":0},"end":{"line":14,"column":26}}},"fnMap":{},"branchMap":{},"s":{"0":1,"1":1,"2":1,"3":1},"f":{},"b":{},"_coverageSchema":"43e27e138ebf9cfc5966b082cf9a028302ed4184","hash":"4f6b6111748166414e667c747cd561d8533ba6fd"}
}
